◇ injected env (2) from .env // tip: ⌁ auth for agents [www.vestauth.com]
(node:13876) Warning: SECURITY WARNING: The SSL modes 'prefer', 'require', and 'verify-ca' are treated as aliases for 'verify-full'.
In the next major version (pg-connection-string v3.0.0 and pg v9.0.0), these modes will adopt standard libpq semantics, which have weaker security guarantees.

To prepare for this change:
- If you want the current behavior, explicitly use 'sslmode=verify-full'
- If you want libpq compatibility now, use 'uselibpqcompat=true&sslmode=require'

See https://www.postgresql.org/docs/current/libpq-ssl.html for libpq SSL mode definitions.
(Use `node --trace-warnings ...` to show where the warning was created)
Server running on port 5001
Connected to Neon DB (PostgreSQL).
Database initialized
GET records error: Error: getaddrinfo ENOTFOUND ep-aged-dawn-adkozxcz-pooler.c-2.us-east-1.aws.neon.tech
    at /Users/hemanthkancharla/Documents/zewotech/ulip-be/node_modules/pg-pool/index.js:45:11
    at process.processTicksAndRejections (node:internal/process/task_queues:105:5)
    at async /Users/hemanthkancharla/Documents/zewotech/ulip-be/src/routes/records.js:10:23 {
  errno: -3008,
  code: 'ENOTFOUND',
  syscall: 'getaddrinfo',
  hostname: 'ep-aged-dawn-adkozxcz-pooler.c-2.us-east-1.aws.neon.tech'
}
GET records error: Error: getaddrinfo ENOTFOUND ep-aged-dawn-adkozxcz-pooler.c-2.us-east-1.aws.neon.tech
    at /Users/hemanthkancharla/Documents/zewotech/ulip-be/node_modules/pg-pool/index.js:45:11
    at process.processTicksAndRejections (node:internal/process/task_queues:105:5)
    at async /Users/hemanthkancharla/Documents/zewotech/ulip-be/src/routes/records.js:10:23 {
  errno: -3008,
  code: 'ENOTFOUND',
  syscall: 'getaddrinfo',
  hostname: 'ep-aged-dawn-adkozxcz-pooler.c-2.us-east-1.aws.neon.tech'
}
GET records error: Error: getaddrinfo ENOTFOUND ep-aged-dawn-adkozxcz-pooler.c-2.us-east-1.aws.neon.tech
    at /Users/hemanthkancharla/Documents/zewotech/ulip-be/node_modules/pg-pool/index.js:45:11
    at process.processTicksAndRejections (node:internal/process/task_queues:105:5)
    at async /Users/hemanthkancharla/Documents/zewotech/ulip-be/src/routes/records.js:10:23 {
  errno: -3008,
  code: 'ENOTFOUND',
  syscall: 'getaddrinfo',
  hostname: 'ep-aged-dawn-adkozxcz-pooler.c-2.us-east-1.aws.neon.tech'
}
GET records error: Error: getaddrinfo ENOTFOUND ep-aged-dawn-adkozxcz-pooler.c-2.us-east-1.aws.neon.tech
    at /Users/hemanthkancharla/Documents/zewotech/ulip-be/node_modules/pg-pool/index.js:45:11
    at process.processTicksAndRejections (node:internal/process/task_queues:105:5)
    at async /Users/hemanthkancharla/Documents/zewotech/ulip-be/src/routes/records.js:10:23 {
  errno: -3008,
  code: 'ENOTFOUND',
  syscall: 'getaddrinfo',
  hostname: 'ep-aged-dawn-adkozxcz-pooler.c-2.us-east-1.aws.neon.tech'
}
GET records error: Error: getaddrinfo ENOTFOUND ep-aged-dawn-adkozxcz-pooler.c-2.us-east-1.aws.neon.tech
    at /Users/hemanthkancharla/Documents/zewotech/ulip-be/node_modules/pg-pool/index.js:45:11
    at process.processTicksAndRejections (node:internal/process/task_queues:105:5)
    at async /Users/hemanthkancharla/Documents/zewotech/ulip-be/src/routes/records.js:10:23 {
  errno: -3008,
  code: 'ENOTFOUND',
  syscall: 'getaddrinfo',
  hostname: 'ep-aged-dawn-adkozxcz-pooler.c-2.us-east-1.aws.neon.tech'
}
GET records error: Error: getaddrinfo ENOTFOUND ep-aged-dawn-adkozxcz-pooler.c-2.us-east-1.aws.neon.tech
    at /Users/hemanthkancharla/Documents/zewotech/ulip-be/node_modules/pg-pool/index.js:45:11
    at process.processTicksAndRejections (node:internal/process/task_queues:105:5)
    at async /Users/hemanthkancharla/Documents/zewotech/ulip-be/src/routes/records.js:10:23 {
  errno: -3008,
  code: 'ENOTFOUND',
  syscall: 'getaddrinfo',
  hostname: 'ep-aged-dawn-adkozxcz-pooler.c-2.us-east-1.aws.neon.tech'
}
GET records error: Error: getaddrinfo ENOTFOUND ep-aged-dawn-adkozxcz-pooler.c-2.us-east-1.aws.neon.tech
    at /Users/hemanthkancharla/Documents/zewotech/ulip-be/node_modules/pg-pool/index.js:45:11
    at process.processTicksAndRejections (node:internal/process/task_queues:105:5)
    at async /Users/hemanthkancharla/Documents/zewotech/ulip-be/src/routes/records.js:10:23 {
  errno: -3008,
  code: 'ENOTFOUND',
  syscall: 'getaddrinfo',
  hostname: 'ep-aged-dawn-adkozxcz-pooler.c-2.us-east-1.aws.neon.tech'
}
GET records error: Error: Connection terminated unexpectedly
    at /Users/hemanthkancharla/Documents/zewotech/ulip-be/node_modules/pg-pool/index.js:45:11
    at process.processTicksAndRejections (node:internal/process/task_queues:105:5)
    at async /Users/hemanthkancharla/Documents/zewotech/ulip-be/src/routes/records.js:10:23
